<?xml version="1.0" encoding="UTF-8"?>
<!-- Generated by org.testng.reporters.JUnitXMLReporter -->
<testsuite hostname="USL010115" ignored="1" name="Surefire test" tests="4" failures="0" timestamp="2021-03-09T22:20:08 EST" time="34.517" errors="0">
  <testcase name="getUserName" time="0.151" classname="pom.qa.hubspot.tests.HomePageTest"/>
  <testcase name="VerifyLoginPageTitle" time="0.046" classname="pom.qa.hubspot.tests.LoginPageTest"/>
  <testcase name="VerifySignupLink" time="0.144" classname="pom.qa.hubspot.tests.LoginPageTest"/>
  <testcase name="loginTest" time="4.434" classname="pom.qa.hubspot.tests.LoginPageTest"/>
  <testcase name="invalidloginTest" time="0.0" classname="pom.qa.hubspot.tests.LoginPageTest">
    <ignored/>
  </testcase> <!-- invalidloginTest -->
</testsuite> <!-- Surefire test -->
