<?xml version="1.0" encoding="UTF-8"?>
<!-- Generated by org.testng.reporters.JUnitXMLReporter -->
<testsuite ignored="0" hostname="USL010115" failures="0" tests="4" name="Default test" time="161.153" errors="0" timestamp="2021-03-11T22:21:40 EST">
  <testcase classname="pom.qa.hubspot.tests.ContactsPageTest" name="createContactTest" time="19.203"/>
  <testcase classname="pom.qa.hubspot.tests.ContactsPageTest" name="createContactTest" time="23.779"/>
  <testcase classname="pom.qa.hubspot.tests.ContactsPageTest" name="createContactTest" time="24.214"/>
  <testcase classname="pom.qa.hubspot.tests.ContactsPageTest" name="createContactTest" time="24.617"/>
</testsuite> <!-- Default test -->
