<?xml version="1.0" encoding="UTF-8"?>
<!-- Generated by org.testng.reporters.JUnitXMLReporter -->
<testsuite ignored="1" hostname="USL010115" failures="0" tests="4" name="testNGSuite1" time="36.029" errors="0" timestamp="2021-03-10T08:00:13 EST">
  <testcase classname="pom.qa.hubspot.tests.LoginPageTest" name="VerifyLoginPageTitle" time="0.164"/>
  <testcase classname="pom.qa.hubspot.tests.LoginPageTest" name="VerifySignupLink" time="0.28"/>
  <testcase classname="pom.qa.hubspot.tests.LoginPageTest" name="loginTest" time="4.073"/>
  <testcase classname="pom.qa.hubspot.tests.HomePageTest" name="getUserName" time="0.091"/>
  <testcase classname="pom.qa.hubspot.tests.LoginPageTest" name="invalidloginTest" time="0.0">
    <ignored/>
  </testcase> <!-- invalidloginTest -->
</testsuite> <!-- testNGSuite1 -->
