<?xml version="1.0" encoding="UTF-8"?>
<testng-results ignored="0" total="4" passed="4" failed="0" skipped="0">
  <reporter-output>
  </reporter-output>
  <suite started-at="2021-03-11T22:18:58 EST" name="Default suite" finished-at="2021-03-11T22:21:39 EST" duration-ms="161153">
    <groups>
    </groups>
    <test started-at="2021-03-11T22:18:58 EST" name="Default test" finished-at="2021-03-11T22:21:39 EST" duration-ms="161153">
      <class name="pom.qa.hubspot.tests.ContactsPageTest">
        <test-method is-config="true" signature="setUP()[pri:0, instance:pom.qa.hubspot.tests.ContactsPageTest@25fb8912]" started-at="2021-03-11T22:18:58 EST" name="setUP" finished-at="2021-03-11T22:20:00 EST" duration-ms="61901" status="PASS">
          <reporter-output>
          </reporter-output>
        </test-method> <!-- setUP -->
        <test-method signature="createContactTest(java.lang.String,java.lang.String,java.lang.String)[pri:1, instance:pom.qa.hubspot.tests.ContactsPageTest@25fb8912]" started-at="2021-03-11T22:20:01 EST" name="createContactTest" data-provider="getContactsTestData" finished-at="2021-03-11T22:20:20 EST" duration-ms="19203" status="PASS">
          <params>
            <param index="0">
              <value>
                <![CDATA[test@test.com]]>
              </value>
            </param>
            <param index="1">
              <value>
                <![CDATA[Test1]]>
              </value>
            </param>
            <param index="2">
              <value>
                <![CDATA[Here is my first test]]>
              </value>
            </param>
          </params>
          <reporter-output>
          </reporter-output>
        </test-method> <!-- createContactTest -->
        <test-method signature="createContactTest(java.lang.String,java.lang.String,java.lang.String)[pri:1, instance:pom.qa.hubspot.tests.ContactsPageTest@25fb8912]" started-at="2021-03-11T22:20:20 EST" name="createContactTest" data-provider="getContactsTestData" finished-at="2021-03-11T22:20:44 EST" duration-ms="23779" status="PASS">
          <params>
            <param index="0">
              <value>
                <![CDATA[test2@test.com]]>
              </value>
            </param>
            <param index="1">
              <value>
                <![CDATA[Test2]]>
              </value>
            </param>
            <param index="2">
              <value>
                <![CDATA[Here is my first test]]>
              </value>
            </param>
          </params>
          <reporter-output>
          </reporter-output>
        </test-method> <!-- createContactTest -->
        <test-method signature="createContactTest(java.lang.String,java.lang.String,java.lang.String)[pri:1, instance:pom.qa.hubspot.tests.ContactsPageTest@25fb8912]" started-at="2021-03-11T22:20:44 EST" name="createContactTest" data-provider="getContactsTestData" finished-at="2021-03-11T22:21:08 EST" duration-ms="24214" status="PASS">
          <params>
            <param index="0">
              <value>
                <![CDATA[test3@test.com]]>
              </value>
            </param>
            <param index="1">
              <value>
                <![CDATA[Test3]]>
              </value>
            </param>
            <param index="2">
              <value>
                <![CDATA[Here is my first test]]>
              </value>
            </param>
          </params>
          <reporter-output>
          </reporter-output>
        </test-method> <!-- createContactTest -->
        <test-method signature="createContactTest(java.lang.String,java.lang.String,java.lang.String)[pri:1, instance:pom.qa.hubspot.tests.ContactsPageTest@25fb8912]" started-at="2021-03-11T22:21:08 EST" name="createContactTest" data-provider="getContactsTestData" finished-at="2021-03-11T22:21:33 EST" duration-ms="24617" status="PASS">
          <params>
            <param index="0">
              <value>
                <![CDATA[test4@test.com]]>
              </value>
            </param>
            <param index="1">
              <value>
                <![CDATA[Test4]]>
              </value>
            </param>
            <param index="2">
              <value>
                <![CDATA[Here is my first test]]>
              </value>
            </param>
          </params>
          <reporter-output>
          </reporter-output>
        </test-method> <!-- createContactTest -->
        <test-method is-config="true" signature="tearDown()[pri:0, instance:pom.qa.hubspot.tests.ContactsPageTest@25fb8912]" started-at="2021-03-11T22:21:33 EST" name="tearDown" finished-at="2021-03-11T22:21:39 EST" duration-ms="6541" status="PASS">
          <reporter-output>
          </reporter-output>
        </test-method> <!-- tearDown -->
      </class> <!-- pom.qa.hubspot.tests.ContactsPageTest -->
    </test> <!-- Default test -->
  </suite> <!-- Default suite -->
</testng-results>
